Added Component: Designator=asm1(1117PCB)
Add component. Clean all parameters for all variants
Added Component: Designator=C6(0402_C)
Add component. Clean all parameters for all variants
Add component (AddParameter): Name = "ComponentLink1Description"; Value = "供应商链接"; VariantName = "[No Variations]"
Add component (AddParameter): Name = "ComponentLink1URL"; Value = "http://www.szlcsc.com/product/details_16204.html"; VariantName = "[No Variations]"
Add component (AddParameter): Name = "Notepad"; Value = ""; VariantName = "[No Variations]"
Add component (AddParameter): Name = "Package"; Value = "0402"; VariantName = "[No Variations]"
Add component (AddParameter): Name = "Supplier"; Value = "LC"; VariantName = "[No Variations]"
Add component (AddParameter): Name = "SuppliersPartNumber"; Value = "C15525"; VariantName = "[No Variations]"
Added Component: Designator=C8(0402_C)
Add component. Clean all parameters for all variants
Add component (AddParameter): Name = "ComponentLink1Description"; Value = "供应商链接"; VariantName = "[No Variations]"
Add component (AddParameter): Name = "ComponentLink1URL"; Value = "http://www.szlcsc.com/product/details_16204.html"; VariantName = "[No Variations]"
Add component (AddParameter): Name = "Notepad"; Value = ""; VariantName = "[No Variations]"
Add component (AddParameter): Name = "Package"; Value = "0402"; VariantName = "[No Variations]"
Add component (AddParameter): Name = "Supplier"; Value = "LC"; VariantName = "[No Variations]"
Add component (AddParameter): Name = "SuppliersPartNumber"; Value = "C15525"; VariantName = "[No Variations]"
Added Component: Designator=C9(0402_C)
Add component. Clean all parameters for all variants
Add component (AddParameter): Name = "ComponentLink1Description"; Value = "供应商链接"; VariantName = "[No Variations]"
Add component (AddParameter): Name = "ComponentLink1URL"; Value = "http://www.szlcsc.com/product/details_16204.html"; VariantName = "[No Variations]"
Add component (AddParameter): Name = "Notepad"; Value = ""; VariantName = "[No Variations]"
Add component (AddParameter): Name = "Package"; Value = "0402"; VariantName = "[No Variations]"
Add component (AddParameter): Name = "Supplier"; Value = "LC"; VariantName = "[No Variations]"
Add component (AddParameter): Name = "SuppliersPartNumber"; Value = "C15525"; VariantName = "[No Variations]"
Added Component: Designator=C11(0402_C)
Add component. Clean all parameters for all variants
Add component (AddParameter): Name = "ComponentLink1Description"; Value = "供应商链接"; VariantName = "[No Variations]"
Add component (AddParameter): Name = "ComponentLink1URL"; Value = "http://www.szlcsc.com/product/details_16204.html"; VariantName = "[No Variations]"
Add component (AddParameter): Name = "Notepad"; Value = ""; VariantName = "[No Variations]"
Add component (AddParameter): Name = "Package"; Value = "0402"; VariantName = "[No Variations]"
Add component (AddParameter): Name = "Supplier"; Value = "LC"; VariantName = "[No Variations]"
Add component (AddParameter): Name = "SuppliersPartNumber"; Value = "C15525"; VariantName = "[No Variations]"
Added Component: Designator=C12(0402_C)
Add component. Clean all parameters for all variants
Add component (AddParameter): Name = "ComponentLink1Description"; Value = "供应商链接"; VariantName = "[No Variations]"
Add component (AddParameter): Name = "ComponentLink1URL"; Value = "http://www.szlcsc.com/product/details_16204.html"; VariantName = "[No Variations]"
Add component (AddParameter): Name = "Notepad"; Value = ""; VariantName = "[No Variations]"
Add component (AddParameter): Name = "Package"; Value = "0402"; VariantName = "[No Variations]"
Add component (AddParameter): Name = "Supplier"; Value = "LC"; VariantName = "[No Variations]"
Add component (AddParameter): Name = "SuppliersPartNumber"; Value = "C15525"; VariantName = "[No Variations]"
Added Component: Designator=C13(0402_C)
Add component. Clean all parameters for all variants
Add component (AddParameter): Name = "ComponentLink1Description"; Value = "供应商链接"; VariantName = "[No Variations]"
Add component (AddParameter): Name = "ComponentLink1URL"; Value = "http://www.szlcsc.com/product/details_16204.html"; VariantName = "[No Variations]"
Add component (AddParameter): Name = "Notepad"; Value = ""; VariantName = "[No Variations]"
Add component (AddParameter): Name = "Package"; Value = "0402"; VariantName = "[No Variations]"
Add component (AddParameter): Name = "Supplier"; Value = "LC"; VariantName = "[No Variations]"
Add component (AddParameter): Name = "SuppliersPartNumber"; Value = "C15525"; VariantName = "[No Variations]"
Added Component: Designator=K1(KEYPCB)
Add component. Clean all parameters for all variants
Added Component: Designator=K2(KEYPCB)
Add component. Clean all parameters for all variants
Added Component: Designator=K3(KEYPCB)
Add component. Clean all parameters for all variants
Added Component: Designator=K4(KEYPCB)
Add component. Clean all parameters for all variants
Added Component: Designator=Kres1(KEYPCB)
Add component. Clean all parameters for all variants
Added Component: Designator=OLED1(HDR1X4)
Add component. Clean all parameters for all variants
Add component (AddParameter): Name = "LatestRevisionDate"; Value = "17-Jul-2002"; VariantName = "[No Variations]"
Add component (AddParameter): Name = "LatestRevisionNote"; Value = "Re-released for DXP Platform."; VariantName = "[No Variations]"
Add component (AddParameter): Name = "Publisher"; Value = "Altium Limited"; VariantName = "[No Variations]"
Added Component: Designator=P2(HDR1X5)
Add component. Clean all parameters for all variants
Add component (AddParameter): Name = "LatestRevisionDate"; Value = "17-Jul-2002"; VariantName = "[No Variations]"
Add component (AddParameter): Name = "LatestRevisionNote"; Value = "Re-released for DXP Platform."; VariantName = "[No Variations]"
Add component (AddParameter): Name = "Publisher"; Value = "Altium Limited"; VariantName = "[No Variations]"
Added Component: Designator=P3(HDR1X5)
Add component. Clean all parameters for all variants
Add component (AddParameter): Name = "LatestRevisionDate"; Value = "17-Jul-2002"; VariantName = "[No Variations]"
Add component (AddParameter): Name = "LatestRevisionNote"; Value = "Re-released for DXP Platform."; VariantName = "[No Variations]"
Add component (AddParameter): Name = "Publisher"; Value = "Altium Limited"; VariantName = "[No Variations]"
Added Component: Designator=P4(HDR1X5)
Add component. Clean all parameters for all variants
Add component (AddParameter): Name = "LatestRevisionDate"; Value = "17-Jul-2002"; VariantName = "[No Variations]"
Add component (AddParameter): Name = "LatestRevisionNote"; Value = "Re-released for DXP Platform."; VariantName = "[No Variations]"
Add component (AddParameter): Name = "Publisher"; Value = "Altium Limited"; VariantName = "[No Variations]"
Added Component: Designator=P5(HDR1X5)
Add component. Clean all parameters for all variants
Add component (AddParameter): Name = "LatestRevisionDate"; Value = "17-Jul-2002"; VariantName = "[No Variations]"
Add component (AddParameter): Name = "LatestRevisionNote"; Value = "Re-released for DXP Platform."; VariantName = "[No Variations]"
Add component (AddParameter): Name = "Publisher"; Value = "Altium Limited"; VariantName = "[No Variations]"
Added Component: Designator=R6(0603_R)
Add component. Clean all parameters for all variants
Add component (AddParameter): Name = "ComponentLink1Description"; Value = "供应商链接"; VariantName = "[No Variations]"
Add component (AddParameter): Name = "ComponentLink1URL"; Value = "http://www.szlcsc.com/product/details_26547.html"; VariantName = "[No Variations]"
Add component (AddParameter): Name = "Notepad"; Value = ""; VariantName = "[No Variations]"
Add component (AddParameter): Name = "Package"; Value = "0603"; VariantName = "[No Variations]"
Add component (AddParameter): Name = "Supplier"; Value = "LC"; VariantName = "[No Variations]"
Add component (AddParameter): Name = "SuppliersPartNumber"; Value = "C25804"; VariantName = "[No Variations]"
Added Component: Designator=R7(0603_R)
Add component. Clean all parameters for all variants
Add component (AddParameter): Name = "ComponentLink1Description"; Value = "供应商链接"; VariantName = "[No Variations]"
Add component (AddParameter): Name = "ComponentLink1URL"; Value = "http://www.szlcsc.com/product/details_26547.html"; VariantName = "[No Variations]"
Add component (AddParameter): Name = "Notepad"; Value = ""; VariantName = "[No Variations]"
Add component (AddParameter): Name = "Package"; Value = "0603"; VariantName = "[No Variations]"
Add component (AddParameter): Name = "Supplier"; Value = "LC"; VariantName = "[No Variations]"
Add component (AddParameter): Name = "SuppliersPartNumber"; Value = "C25804"; VariantName = "[No Variations]"
Added Component: Designator=R8(0603_R)
Add component. Clean all parameters for all variants
Add component (AddParameter): Name = "ComponentLink1Description"; Value = "供应商链接"; VariantName = "[No Variations]"
Add component (AddParameter): Name = "ComponentLink1URL"; Value = "http://www.szlcsc.com/product/details_26547.html"; VariantName = "[No Variations]"
Add component (AddParameter): Name = "Notepad"; Value = ""; VariantName = "[No Variations]"
Add component (AddParameter): Name = "Package"; Value = "0603"; VariantName = "[No Variations]"
Add component (AddParameter): Name = "Supplier"; Value = "LC"; VariantName = "[No Variations]"
Add component (AddParameter): Name = "SuppliersPartNumber"; Value = "C25804"; VariantName = "[No Variations]"
Added Component: Designator=R9(0603_R)
Add component. Clean all parameters for all variants
Add component (AddParameter): Name = "ComponentLink1Description"; Value = "供应商链接"; VariantName = "[No Variations]"
Add component (AddParameter): Name = "ComponentLink1URL"; Value = "http://www.szlcsc.com/product/details_26547.html"; VariantName = "[No Variations]"
Add component (AddParameter): Name = "Notepad"; Value = ""; VariantName = "[No Variations]"
Add component (AddParameter): Name = "Package"; Value = "0603"; VariantName = "[No Variations]"
Add component (AddParameter): Name = "Supplier"; Value = "LC"; VariantName = "[No Variations]"
Add component (AddParameter): Name = "SuppliersPartNumber"; Value = "C25804"; VariantName = "[No Variations]"
Added Component: Designator=R10(0603_R)
Add component. Clean all parameters for all variants
Add component (AddParameter): Name = "ComponentLink1Description"; Value = "供应商链接"; VariantName = "[No Variations]"
Add component (AddParameter): Name = "ComponentLink1URL"; Value = "http://www.szlcsc.com/product/details_26547.html"; VariantName = "[No Variations]"
Add component (AddParameter): Name = "Notepad"; Value = ""; VariantName = "[No Variations]"
Add component (AddParameter): Name = "Package"; Value = "0603"; VariantName = "[No Variations]"
Add component (AddParameter): Name = "Supplier"; Value = "LC"; VariantName = "[No Variations]"
Add component (AddParameter): Name = "SuppliersPartNumber"; Value = "C25804"; VariantName = "[No Variations]"
Added Component: Designator=R11(0603_R)
Add component. Clean all parameters for all variants
Add component (AddParameter): Name = "ComponentLink1Description"; Value = "供应商链接"; VariantName = "[No Variations]"
Add component (AddParameter): Name = "ComponentLink1URL"; Value = "http://www.szlcsc.com/product/details_26547.html"; VariantName = "[No Variations]"
Add component (AddParameter): Name = "Notepad"; Value = ""; VariantName = "[No Variations]"
Add component (AddParameter): Name = "Package"; Value = "0603"; VariantName = "[No Variations]"
Add component (AddParameter): Name = "Supplier"; Value = "LC"; VariantName = "[No Variations]"
Add component (AddParameter): Name = "SuppliersPartNumber"; Value = "C25804"; VariantName = "[No Variations]"
Added Component: Designator=R12(0603_R)
Add component. Clean all parameters for all variants
Add component (AddParameter): Name = "ComponentLink1Description"; Value = "供应商链接"; VariantName = "[No Variations]"
Add component (AddParameter): Name = "ComponentLink1URL"; Value = "http://www.szlcsc.com/product/details_26547.html"; VariantName = "[No Variations]"
Add component (AddParameter): Name = "Notepad"; Value = ""; VariantName = "[No Variations]"
Add component (AddParameter): Name = "Package"; Value = "0603"; VariantName = "[No Variations]"
Add component (AddParameter): Name = "Supplier"; Value = "LC"; VariantName = "[No Variations]"
Add component (AddParameter): Name = "SuppliersPartNumber"; Value = "C25804"; VariantName = "[No Variations]"
Added Component: Designator=R13(0603_R)
Add component. Clean all parameters for all variants
Add component (AddParameter): Name = "ComponentLink1Description"; Value = "供应商链接"; VariantName = "[No Variations]"
Add component (AddParameter): Name = "ComponentLink1URL"; Value = "http://www.szlcsc.com/product/details_21903.html"; VariantName = "[No Variations]"
Add component (AddParameter): Name = "Notepad"; Value = ""; VariantName = "[No Variations]"
Add component (AddParameter): Name = "Package"; Value = "0603"; VariantName = "[No Variations]"
Add component (AddParameter): Name = "Supplier"; Value = "LC"; VariantName = "[No Variations]"
Add component (AddParameter): Name = "SuppliersPartNumber"; Value = "C21189"; VariantName = "[No Variations]"
Added Component: Designator=U?(DIP40)
Add component. Clean all parameters for all variants
Added Component: Designator=USB1(USB-A)
Add component. Clean all parameters for all variants
Added Component: Designator=Y1(R38)
Add component. Clean all parameters for all variants
Add component (AddParameter): Name = "LatestRevisionDate"; Value = "17-Jul-2002"; VariantName = "[No Variations]"
Add component (AddParameter): Name = "LatestRevisionNote"; Value = "Re-released for DXP Platform."; VariantName = "[No Variations]"
Add component (AddParameter): Name = "PackageDescription"; Value = "Crystal, Thru-Hole; 2 Leads; Body 3.1 x 8.2 mm (Dia.xH)"; VariantName = "[No Variations]"
Add component (AddParameter): Name = "PackageReference"; Value = "R38"; VariantName = "[No Variations]"
Add component (AddParameter): Name = "Published"; Value = "8-Jun-2000"; VariantName = "[No Variations]"
Add component (AddParameter): Name = "Publisher"; Value = "Altium Limited"; VariantName = "[No Variations]"
Added Pin To Net: NetName=+3V3 Pin=OLED1-1
Added Pin To Net: NetName=+3V3 Pin=P2-4
Added Pin To Net: NetName=+3V3 Pin=P3-4
Added Pin To Net: NetName=+3V3 Pin=P4-4
Added Pin To Net: NetName=+3V3 Pin=P5-4
Added Pin To Net: NetName=+3V3 Pin=R6-2
Added Pin To Net: NetName=+3V3 Pin=R7-2
Added Pin To Net: NetName=+3V3 Pin=R8-2
Added Pin To Net: NetName=+3V3 Pin=R9-1
Added Pin To Net: NetName=+3V3 Pin=R10-1
Added Pin To Net: NetName=+3V3 Pin=R11-2
Added Pin To Net: NetName=+3V3 Pin=R12-2
Added Pin To Net: NetName=+3V3 Pin=U?-31
Added Pin To Net: NetName=+3V3 Pin=U?-40
Added Net: Name=+3V3
Added Pin To Net: NetName=+5V Pin=asm1-3
Added Pin To Net: NetName=+5V Pin=C11-1
Added Pin To Net: NetName=+5V Pin=P2-3
Added Pin To Net: NetName=+5V Pin=P3-3
Added Pin To Net: NetName=+5V Pin=P4-3
Added Pin To Net: NetName=+5V Pin=P5-3
Added Pin To Net: NetName=+5V Pin=USB1-1
Added Net: Name=+5V
Added Pin To Net: NetName=DGND Pin=C8-1
Added Pin To Net: NetName=DGND Pin=K1-2
Added Pin To Net: NetName=DGND Pin=K2-2
Added Pin To Net: NetName=DGND Pin=K3-2
Added Pin To Net: NetName=DGND Pin=K4-2
Added Pin To Net: NetName=DGND Pin=Kres1-2
Added Pin To Net: NetName=DGND Pin=R13-1
Added Net: Name=DGND
Added Pin To Net: NetName=DOUT1 Pin=P3-1
Added Pin To Net: NetName=DOUT1 Pin=U?-37
Added Net: Name=DOUT1
Added Pin To Net: NetName=DOUT2 Pin=P4-1
Added Pin To Net: NetName=DOUT2 Pin=U?-35
Added Net: Name=DOUT2
Added Pin To Net: NetName=DOUT3 Pin=P5-1
Added Pin To Net: NetName=DOUT3 Pin=U?-33
Added Net: Name=DOUT3
Added Pin To Net: NetName=DOUT Pin=P2-1
Added Pin To Net: NetName=DOUT Pin=U?-39
Added Net: Name=DOUT
Added Pin To Net: NetName=GND Pin=asm1-1
Added Pin To Net: NetName=GND Pin=C6-2
Added Pin To Net: NetName=GND Pin=C9-2
Added Pin To Net: NetName=GND Pin=C11-2
Added Pin To Net: NetName=GND Pin=C12-2
Added Pin To Net: NetName=GND Pin=C13-2
Added Pin To Net: NetName=GND Pin=OLED1-2
Added Pin To Net: NetName=GND Pin=P2-5
Added Pin To Net: NetName=GND Pin=P3-5
Added Pin To Net: NetName=GND Pin=P4-5
Added Pin To Net: NetName=GND Pin=P5-5
Added Pin To Net: NetName=GND Pin=R13-2
Added Pin To Net: NetName=GND Pin=U?-20
Added Pin To Net: NetName=GND Pin=USB1-2
Added Pin To Net: NetName=GND Pin=USB1-3
Added Pin To Net: NetName=GND Pin=USB1-4
Added Net: Name=GND
Added Pin To Net: NetName=K1_PA4 Pin=K4-1
Added Pin To Net: NetName=K1_PA4 Pin=R12-1
Added Net: Name=K1_PA4
Added Pin To Net: NetName=K1 Pin=U?-28
Added Net: Name=K1
Added Pin To Net: NetName=K2_PA5 Pin=K3-1
Added Pin To Net: NetName=K2_PA5 Pin=R11-1
Added Net: Name=K2_PA5
Added Pin To Net: NetName=K2 Pin=U?-27
Added Net: Name=K2
Added Pin To Net: NetName=K3_PB0 Pin=K2-1
Added Pin To Net: NetName=K3_PB0 Pin=R7-1
Added Net: Name=K3_PB0
Added Pin To Net: NetName=K3 Pin=U?-26
Added Net: Name=K3
Added Pin To Net: NetName=K4_PB1 Pin=K1-1
Added Pin To Net: NetName=K4_PB1 Pin=R6-1
Added Net: Name=K4_PB1
Added Pin To Net: NetName=K4 Pin=U?-25
Added Net: Name=K4
Added Pin To Net: NetName=Netasm1_2 Pin=asm1-2
Added Pin To Net: NetName=Netasm1_2 Pin=C12-1
Added Pin To Net: NetName=Netasm1_2 Pin=C13-1
Added Net: Name=Netasm1_2
Added Pin To Net: NetName=NetOLED1_3 Pin=OLED1-3
Added Pin To Net: NetName=NetOLED1_3 Pin=R10-2
Added Net: Name=NetOLED1_3
Added Pin To Net: NetName=NetOLED1_4 Pin=OLED1-4
Added Pin To Net: NetName=NetOLED1_4 Pin=R9-2
Added Net: Name=NetOLED1_4
Added Pin To Net: NetName=NRST Pin=C8-2
Added Pin To Net: NetName=NRST Pin=Kres1-1
Added Pin To Net: NetName=NRST Pin=R8-1
Added Pin To Net: NetName=NRST Pin=U?-9
Added Net: Name=NRST
Added Pin To Net: NetName=OSC_IN Pin=C6-1
Added Pin To Net: NetName=OSC_IN Pin=U?-18
Added Pin To Net: NetName=OSC_IN Pin=Y1-1
Added Net: Name=OSC_IN
Added Pin To Net: NetName=OSC_OUT Pin=C9-1
Added Pin To Net: NetName=OSC_OUT Pin=U?-19
Added Pin To Net: NetName=OSC_OUT Pin=Y1-2
Added Net: Name=OSC_OUT
Added Pin To Net: NetName=PD_SCK1 Pin=P3-2
Added Pin To Net: NetName=PD_SCK1 Pin=U?-36
Added Net: Name=PD_SCK1
Added Pin To Net: NetName=PD_SCK2 Pin=P4-2
Added Pin To Net: NetName=PD_SCK2 Pin=U?-34
Added Net: Name=PD_SCK2
Added Pin To Net: NetName=PD_SCK3 Pin=P5-2
Added Pin To Net: NetName=PD_SCK3 Pin=U?-32
Added Net: Name=PD_SCK3
Added Pin To Net: NetName=PD_SCK Pin=P2-2
Added Pin To Net: NetName=PD_SCK Pin=U?-38
Added Net: Name=PD_SCK
