Change Component Designator: Old Designator=adc New Designator=adc2
Change Component Designator: Old Designator=adc? New Designator=adc1
Change Component Designator: Old Designator=asm1117 New Designator=asm1
Change Component Designator: Old Designator=C1 New Designator=C19
Change Component Designator: Old Designator=C2 New Designator=C10
Change Component Designator: Old Designator=C3 New Designator=C8
Change Component Designator: Old Designator=C4 New Designator=C11
Change Component Designator: Old Designator=C5 New Designator=C9
Change Component Designator: Old Designator=C6 New Designator=C12
Change Component Designator: Old Designator=C7 New Designator=C14
Change Component Designator: Old Designator=C8 New Designator=C15
Change Component Designator: Old Designator=C9 New Designator=C13
Change Component Designator: Old Designator=C10 New Designator=C16
Change Component Designator: Old Designator=C22 New Designator=C17
Change Component Designator: Old Designator=C23 New Designator=C18
Change Component Designator: Old Designator=C24 New Designator=C20
Change Component Designator: Old Designator=C31 New Designator=C5
Change Component Designator: Old Designator=C32 New Designator=C6
Change Component Designator: Old Designator=C33 New Designator=C2
Change Component Designator: Old Designator=C? New Designator=C1
Change Component Designator: Old Designator=C? New Designator=C3
Change Component Designator: Old Designator=C? New Designator=C4
Change Component Designator: Old Designator=C? New Designator=C7
Change Component Designator: Old Designator=HX711 New Designator=HX2
Change Component Designator: Old Designator=HX? New Designator=HX1
Change Component Designator: Old Designator=Kres New Designator=Kres1
Change Component Designator: Old Designator=OLED New Designator=OLED1
Change Component Designator: Old Designator=Q1 New Designator=Q2
Change Component Designator: Old Designator=Q? New Designator=Q1
Change Component Designator: Old Designator=R0 New Designator=R15
Change Component Designator: Old Designator=R1 New Designator=R8
Change Component Designator: Old Designator=R2 New Designator=R9
Change Component Designator: Old Designator=R3 New Designator=R13
Change Component Designator: Old Designator=R4 New Designator=R14
Change Component Designator: Old Designator=R5 New Designator=R10
Change Component Designator: Old Designator=R6 New Designator=R11
Change Component Designator: Old Designator=R7 New Designator=R12
Change Component Designator: Old Designator=R21 New Designator=R16
Change Component Designator: Old Designator=R22 New Designator=R17
Change Component Designator: Old Designator=R23 New Designator=R18
Change Component Designator: Old Designator=R24 New Designator=R19
Change Component Designator: Old Designator=R31 New Designator=R4
Change Component Designator: Old Designator=R32 New Designator=R1
Change Component Designator: Old Designator=R33 New Designator=R2
Change Component Designator: Old Designator=R? New Designator=R3
Change Component Designator: Old Designator=R? New Designator=R5
Change Component Designator: Old Designator=R? New Designator=R6
Change Component Designator: Old Designator=R? New Designator=R7
Change Component Designator: Old Designator=Sensor1 New Designator=Sensor2
Change Component Designator: Old Designator=Sensor2 New Designator=Sensor3
Change Component Designator: Old Designator=Sensor3 New Designator=Sensor4
Change Component Designator: Old Designator=Sensor New Designator=Sensor1
Change Component Designator: Old Designator=STM32 New Designator=STM1
Change Component Designator: Old Designator=U2 New Designator=U1
Change Component Designator: Old Designator=U3 New Designator=U2
Change Component Designator: Old Designator=USB New Designator=USB1
